<?xml version="1.0" encoding="UTF-8"?>
<!-- Generated by org.testng.reporters.JUnitReportReporter -->
<testsuite hostname="DESKTOP-8ELVUAA" failures="0" tests="1" name="com.ecom.onlinefppdorder.UserLoginTest" time="0.019" errors="0" timestamp="2023-09-30T13:12:35 IST" skipped="0">
  <testcase classname="com.ecom.onlinefppdorder.UserLoginTest" name="userLogin" time="0.019"/>
  <system-out/>
</testsuite> <!-- com.ecom.onlinefppdorder.UserLoginTest -->
